c:\users\ahmad\source\repos\firstapp\firstapp\x64\debug\vc143.pdb
c:\users\ahmad\source\repos\firstapp\firstapp\x64\debug\vc143.idb
c:\users\ahmad\source\repos\firstapp\firstapp\x64\debug\firstapp.obj
c:\users\ahmad\source\repos\firstapp\firstapp\x64\debug\16.obj
c:\users\ahmad\source\repos\firstapp\firstapp\x64\debug\variables.obj
c:\users\ahmad\source\repos\firstapp\firstapp\x64\debug\18.obj
c:\users\ahmad\source\repos\firstapp\firstapp\x64\debug\19.obj
c:\users\ahmad\source\repos\firstapp\firstapp\x64\debug\20.obj
c:\users\ahmad\source\repos\firstapp\firstapp\x64\debug\#7.obj
c:\users\ahmad\source\repos\firstapp\firstapp\x64\debug\#9.obj
c:\users\ahmad\source\repos\firstapp\firstapp\x64\debug\#10.obj
c:\users\ahmad\source\repos\firstapp\firstapp\x64\debug\#14.obj
c:\users\ahmad\source\repos\firstapp\firstapp\x64\debug\#15.obj
c:\users\ahmad\source\repos\firstapp\firstapp\x64\debug\#17.obj
c:\users\ahmad\source\repos\firstapp\firstapp\x64\debug\#19.obj
c:\users\ahmad\source\repos\firstapp\firstapp\x64\debug\#20.obj
c:\users\ahmad\source\repos\firstapp\firstapp\x64\debug\#21.obj
c:\users\ahmad\source\repos\firstapp\firstapp\x64\debug\#22.obj
c:\users\ahmad\source\repos\firstapp\firstapp\x64\debug\#31.obj
c:\users\ahmad\source\repos\firstapp\firstapp\x64\debug\#35.obj
c:\users\ahmad\source\repos\firstapp\firstapp\x64\debug\#39.obj
c:\users\ahmad\source\repos\firstapp\firstapp\x64\debug\#40.obj
c:\users\ahmad\source\repos\firstapp\firstapp\x64\debug\#42.obj
c:\users\ahmad\source\repos\firstapp\firstapp\x64\debug\#43.obj
c:\users\ahmad\source\repos\firstapp\firstapp\x64\debug\#47.obj
c:\users\ahmad\source\repos\firstapp\firstapp\x64\debug\#49.obj
c:\users\ahmad\source\repos\firstapp\firstapp\x64\debug\21-22.obj
c:\users\ahmad\source\repos\firstapp\firstapp\x64\debug\23.obj
c:\users\ahmad\source\repos\firstapp\firstapp\x64\debug\24.obj
c:\users\ahmad\source\repos\firstapp\firstapp\x64\debug\25.obj
c:\users\ahmad\source\repos\firstapp\firstapp\x64\debug\26.obj
c:\users\ahmad\source\repos\firstapp\firstapp\x64\debug\##19.obj
c:\users\ahmad\source\repos\firstapp\firstapp\x64\debug\##16.obj
c:\users\ahmad\source\repos\firstapp\firstapp\x64\debug\##22.obj
c:\users\ahmad\source\repos\firstapp\firstapp\x64\debug\##21.obj
c:\users\ahmad\source\repos\firstapp\firstapp\x64\debug\##31.obj
c:\users\ahmad\source\repos\firstapp\firstapp\x64\debug\##42.obj
c:\users\ahmad\source\repos\firstapp\firstapp\x64\debug\##18.obj
c:\users\ahmad\source\repos\firstapp\firstapp\x64\debug\##20.obj
c:\users\ahmad\source\repos\firstapp\firstapp\x64\debug\##23.obj
c:\users\ahmad\source\repos\firstapp\firstapp\x64\debug\##32.obj
c:\users\ahmad\source\repos\firstapp\firstapp\x64\debug\##43.obj
c:\users\ahmad\source\repos\firstapp\firstapp\x64\debug\27.obj
c:\users\ahmad\source\repos\firstapp\firstapp\x64\debug\28.obj
c:\users\ahmad\source\repos\firstapp\firstapp\x64\debug\30.obj
c:\users\ahmad\source\repos\firstapp\firstapp\x64\debug\31.obj
c:\users\ahmad\source\repos\firstapp\firstapp\x64\debug\32.obj
c:\users\ahmad\source\repos\firstapp\firstapp\x64\debug\33.obj
c:\users\ahmad\source\repos\firstapp\firstapp\x64\debug\34.obj
c:\users\ahmad\source\repos\firstapp\firstapp\x64\debug\36.obj
c:\users\ahmad\source\repos\firstapp\firstapp\x64\debug\37.obj
c:\users\ahmad\source\repos\firstapp\firstapp\x64\debug\38.obj
c:\users\ahmad\source\repos\firstapp\firstapp\x64\debug\39.obj
c:\users\ahmad\source\repos\firstapp\firstapp\x64\debug\40.obj
c:\users\ahmad\source\repos\firstapp\firstapp\x64\debug\41.obj
c:\users\ahmad\source\repos\firstapp\firstapp\x64\debug\###4.obj
c:\users\ahmad\source\repos\firstapp\firstapp\x64\debug\###8.obj
c:\users\ahmad\source\repos\firstapp\firstapp\x64\debug\###11.obj
c:\users\ahmad\source\repos\firstapp\firstapp\x64\debug\###24.obj
c:\users\ahmad\source\repos\firstapp\firstapp\x64\debug\###49.obj
c:\users\ahmad\source\repos\firstapp\firstapp\x64\debug\####33.obj
c:\users\ahmad\source\repos\firstapp\firstapp\x64\debug\####34.obj
c:\users\ahmad\source\repos\firstapp\firstapp\x64\debug\####36.obj
c:\users\ahmad\source\repos\firstapp\firstapp\x64\debug\####44.obj
c:\users\ahmad\source\repos\firstapp\firstapp\x64\debug\####45.obj
c:\users\ahmad\source\repos\firstapp\firstapp\x64\debug\#####45.obj
c:\users\ahmad\source\repos\firstapp\firstapp\x64\debug\#####44.obj
c:\users\ahmad\source\repos\firstapp\firstapp\x64\debug\#####36.obj
c:\users\ahmad\source\repos\firstapp\firstapp\x64\debug\######26.obj
c:\users\ahmad\source\repos\firstapp\firstapp\x64\debug\######27.obj
c:\users\ahmad\source\repos\firstapp\firstapp\x64\debug\######28.obj
c:\users\ahmad\source\repos\firstapp\firstapp\x64\debug\######29.obj
c:\users\ahmad\source\repos\firstapp\firstapp\x64\debug\######30.obj
c:\users\ahmad\source\repos\firstapp\firstapp\x64\debug\######32.obj
c:\users\ahmad\source\repos\firstapp\firstapp\x64\debug\######46.obj
c:\users\ahmad\source\repos\firstapp\firstapp\x64\debug\48.obj
c:\users\ahmad\source\repos\firstapp\firstapp\x64\debug\1.obj
c:\users\ahmad\source\repos\firstapp\firstapp\x64\debug\4.obj
c:\users\ahmad\source\repos\firstapp\firstapp\x64\debug\3.obj
c:\users\ahmad\source\repos\firstapp\firstapp\x64\debug\2.obj
c:\users\ahmad\source\repos\firstapp\firstapp\x64\debug\5.obj
c:\users\ahmad\source\repos\firstapp\firstapp\x64\debug\6.obj
c:\users\ahmad\source\repos\firstapp\firstapp\x64\debug\#######26.obj
c:\users\ahmad\source\repos\firstapp\firstapp\x64\debug\#######27.obj
c:\users\ahmad\source\repos\firstapp\firstapp\x64\debug\#######28.obj
c:\users\ahmad\source\repos\firstapp\firstapp\x64\debug\#######29.obj
c:\users\ahmad\source\repos\firstapp\firstapp\x64\debug\#######30.obj
c:\users\ahmad\source\repos\firstapp\firstapp\x64\debug\#######32.obj
c:\users\ahmad\source\repos\firstapp\firstapp\x64\debug\#######46.obj
c:\users\ahmad\source\repos\firstapp\firstapp\x64\debug\52.obj
c:\users\ahmad\source\repos\firstapp\firstapp\x64\debug\53.obj
c:\users\ahmad\source\repos\firstapp\x64\debug\firstapp.exe
c:\users\ahmad\source\repos\firstapp\x64\debug\firstapp.pdb
c:\users\ahmad\source\repos\firstapp\firstapp\x64\debug\firstapp.ilk
c:\users\ahmad\source\repos\firstapp\firstapp\x64\debug\#16.obj
c:\users\ahmad\source\repos\firstapp\firstapp\x64\debug\50.obj
c:\users\ahmad\source\repos\firstapp\firstapp\x64\debug\test.obj
c:\users\ahmad\source\repos\firstapp\firstapp\x64\debug\#######26.obj.enc
c:\users\ahmad\source\repos\firstapp\firstapp\x64\debug\####36.obj.enc
c:\users\ahmad\source\repos\firstapp\firstapp\x64\debug\#42.obj.enc
c:\users\ahmad\source\repos\firstapp\firstapp\x64\debug\5.obj.enc
c:\users\ahmad\source\repos\firstapp\firstapp\x64\debug\firstapp.tlog\cl.command.1.tlog
c:\users\ahmad\source\repos\firstapp\firstapp\x64\debug\firstapp.tlog\cl.items.tlog
c:\users\ahmad\source\repos\firstapp\firstapp\x64\debug\firstapp.tlog\cl.read.1.tlog
c:\users\ahmad\source\repos\firstapp\firstapp\x64\debug\firstapp.tlog\cl.write.1.tlog
c:\users\ahmad\source\repos\firstapp\firstapp\x64\debug\firstapp.tlog\link.command.1.tlog
c:\users\ahmad\source\repos\firstapp\firstapp\x64\debug\firstapp.tlog\link.read.1.tlog
c:\users\ahmad\source\repos\firstapp\firstapp\x64\debug\firstapp.tlog\link.secondary.1.tlog
c:\users\ahmad\source\repos\firstapp\firstapp\x64\debug\firstapp.tlog\link.write.1.tlog
